<?xml version="1.0" encoding="UTF-8"?>
<!-- Generated by org.testng.reporters.JUnitReportReporter -->
<testsuite hostname="DESKTOP-GLL35BR" failures="0" tests="1" name="projectorangehrm.LogInPageOrangeHRM" time="6.009" errors="0" timestamp="2024-11-25T22:58:43 IST" skipped="0">
  <testcase classname="projectorangehrm.LogInPageOrangeHRM" name="testLogin" time="6.009"/>
  <system-out/>
</testsuite> <!-- projectorangehrm.LogInPageOrangeHRM -->
