<?xml version="1.0" encoding="UTF-8"?>
<!-- Generated by org.testng.reporters.JUnitReportReporter -->
<testsuite hostname="DESKTOP-GLL35BR" failures="0" tests="1" name="tests.LoginTest" time="6.412" errors="0" timestamp="2024-12-04T20:45:24 IST" skipped="0">
  <testcase classname="tests.LoginTest" name="testValidLogin" time="6.412"/>
</testsuite> <!-- tests.LoginTest -->
